-------------------------------------------------------------------------------
Test set: com.tendencias.app.PruebaPaulArgudoApplicationTests
-------------------------------------------------------------------------------
Tests run: 1, Failures: 0, Errors: 1, Skipped: 0, Time elapsed: 5.427 s <<< FAILURE! - in com.tendencias.app.PruebaPaulArgudoApplicationTests
contextLoads  Time elapsed: 0.002 s  <<< ERROR!
java.lang.IllegalStateException: Failed to load ApplicationContext for [WebMergedContextConfiguration@1736c1e4 testClass = com.tendencias.app.PruebaPaulArgudoApplicationTests, locations = [], classes = [com.tendencias.app.PruebaPaulArgudoApplication], contextInitializerClasses = [], activeProfiles = [], propertySourceLocations = [], propertySourceProperties = ["org.springframework.boot.test.context.SpringBootTestContextBootstrapper=true"], contextCustomizers = [org.springframework.boot.test.context.filter.ExcludeFilterContextCustomizer@55634720, org.springframework.boot.test.json.DuplicateJsonObjectContextCustomizerFactory$DuplicateJsonObjectContextCustomizer@2d710f1a, org.springframework.boot.test.mock.mockito.MockitoContextCustomizer@0, org.springframework.boot.test.web.client.TestRestTemplateContextCustomizer@60bd273d, org.springframework.boot.test.autoconfigure.actuate.observability.ObservabilityContextCustomizerFactory$DisableObservabilityContextCustomizer@9da1, org.springframework.boot.test.autoconfigure.properties.PropertyMappingContextCustomizer@0, org.springframework.boot.test.autoconfigure.web.servlet.WebDriverContextCustomizerFactory$Customizer@55a147cc, org.springframework.boot.test.context.SpringBootTestAnnotation@bf8a1fe5], resourceBasePath = "src/main/webapp", contextLoader = org.springframework.boot.test.context.SpringBootContextLoader, parent = null]
Caused by: org.springframework.beans.factory.BeanCreationException: Error creating bean with name 'entityManagerFactory' defined in class path resource [org/springframework/boot/autoconfigure/orm/jpa/HibernateJpaConfiguration.class]: Collection 'com.tendencias.app.Entity.Canciones.canciones' is 'mappedBy' a property named 'cancion' which does not exist in the target entity 'com.tendencias.app.Entity.ListasDeReproduccion'
Caused by: org.hibernate.AnnotationException: Collection 'com.tendencias.app.Entity.Canciones.canciones' is 'mappedBy' a property named 'cancion' which does not exist in the target entity 'com.tendencias.app.Entity.ListasDeReproduccion'

